<?xml version="1.0" encoding="utf-8"?><testsuites name="pytest tests"><testsuite name="pytest" errors="0" failures="1" skipped="0" tests="23" time="5.133" timestamp="2026-02-21T22:07:48.390080+00:00" hostname="agent-env-fd1e6bc6-8ce2-466b-a3f3-12e02c8e7997"><testcase classname="backend.tests.test_security_pwa_features.TestSecurityHeaders" name="test_x_content_type_options_header" time="0.316" /><testcase classname="backend.tests.test_security_pwa_features.TestSecurityHeaders" name="test_x_frame_options_header" time="0.228" /><testcase classname="backend.tests.test_security_pwa_features.TestSecurityHeaders" name="test_x_xss_protection_header" time="0.249" /><testcase classname="backend.tests.test_security_pwa_features.TestSecurityHeaders" name="test_referrer_policy_header" time="0.222" /><testcase classname="backend.tests.test_security_pwa_features.TestSecurityHeaders" name="test_permissions_policy_header" time="0.174" /><testcase classname="backend.tests.test_security_pwa_features.TestSecurityHeaders" name="test_cache_control_header_on_api" time="0.200" /><testcase classname="backend.tests.test_security_pwa_features.TestRequestLogging" name="test_request_id_header" time="0.152" /><testcase classname="backend.tests.test_security_pwa_features.TestRequestLogging" name="test_unique_request_ids" time="0.366" /><testcase classname="backend.tests.test_security_pwa_features.TestHealthEndpoint" name="test_health_check_returns_status" time="0.165" /><testcase classname="backend.tests.test_security_pwa_features.TestHealthEndpoint" name="test_health_check_includes_timestamp" time="0.151" /><testcase classname="backend.tests.test_security_pwa_features.TestHealthEndpoint" name="test_health_check_includes_database_status" time="0.177" /><testcase classname="backend.tests.test_security_pwa_features.TestPWAAssets" name="test_manifest_json_accessible" time="0.155" /><testcase classname="backend.tests.test_security_pwa_features.TestPWAAssets" name="test_manifest_has_icons" time="0.193" /><testcase classname="backend.tests.test_security_pwa_features.TestPWAAssets" name="test_manifest_has_shortcuts" time="0.196" /><testcase classname="backend.tests.test_security_pwa_features.TestPWAAssets" name="test_logo192_accessible" time="0.195" /><testcase classname="backend.tests.test_security_pwa_features.TestPWAAssets" name="test_logo512_accessible" time="0.305" /><testcase classname="backend.tests.test_security_pwa_features.TestPWAAssets" name="test_service_worker_accessible" time="0.213"><failure message="AssertionError: service-worker.js seems too small&#10;assert 0 &gt; 500&#10; +  where 0 = int(0)&#10; +    where 0 = get('content-length', 0)&#10; +      where get = {'Date': 'Sat, 21 Feb 2026 22:07:52 GMT', 'Content-Type': 'application/javascript; charset=UTF-8', 'Transfer-Encoding': 'chunked', 'Connection': 'keep-alive', 'Content-Encoding': 'gzip', 'CF-Ray': '9d198f1f9acb1054-ORD', 'CF-Cache-Status': 'DYNAMIC', 'Access-Control-Allow-Origin': '*', 'Cache-Control': 'no-store, no-cache, must-revalidate', 'ETag': 'W/&quot;bfe-19c823b03dc&quot;', 'Last-Modified': 'Sat, 21 Feb 2026 22:03:51 GMT', 'Vary': 'Accept-Encoding', 'Via': '1.1 google', 'Access-Control-Max-Age': '300', 'access-control-allow-headers': '*', 'access-control-allow-methods': 'GET, POST, PUT, DELETE, OPTIONS, HEAD, PATCH', 'x-powered-by': 'Express', 'Set-Cookie': '__cf_bm=Ebyv1w0H6yrUBz3HFuF8VFo45c0V72FmW7jSnCX9w3A-1771711672-1.0.1.1-T4tvUXHgLAC.O6UiYVPVT_jUHacKeyd4Lg8mZA5qxOkxQ4SAmf_OnSlztRiLz6zZg_ifxD_RtfG_KH1cONlynP0UCW_1uMjk47.m3lw4AA4; path=/; expires=Sat, 21-Feb-26 22:37:52 GMT; domain=.preview.emergentagent.com; HttpOnly; Secure; SameSite=None', 'Server': 'cloudflare'}.get&#10; +        where {'Date': 'Sat, 21 Feb 2026 22:07:52 GMT', 'Content-Type': 'application/javascript; charset=UTF-8', 'Transfer-Encoding': 'chunked', 'Connection': 'keep-alive', 'Content-Encoding': 'gzip', 'CF-Ray': '9d198f1f9acb1054-ORD', 'CF-Cache-Status': 'DYNAMIC', 'Access-Control-Allow-Origin': '*', 'Cache-Control': 'no-store, no-cache, must-revalidate', 'ETag': 'W/&quot;bfe-19c823b03dc&quot;', 'Last-Modified': 'Sat, 21 Feb 2026 22:03:51 GMT', 'Vary': 'Accept-Encoding', 'Via': '1.1 google', 'Access-Control-Max-Age': '300', 'access-control-allow-headers': '*', 'access-control-allow-methods': 'GET, POST, PUT, DELETE, OPTIONS, HEAD, PATCH', 'x-powered-by': 'Express', 'Set-Cookie': '__cf_bm=Ebyv1w0H6yrUBz3HFuF8VFo45c0V72FmW7jSnCX9w3A-1771711672-1.0.1.1-T4tvUXHgLAC.O6UiYVPVT_jUHacKeyd4Lg8mZA5qxOkxQ4SAmf_OnSlztRiLz6zZg_ifxD_RtfG_KH1cONlynP0UCW_1uMjk47.m3lw4AA4; path=/; expires=Sat, 21-Feb-26 22:37:52 GMT; domain=.preview.emergentagent.com; HttpOnly; Secure; SameSite=None', 'Server': 'cloudflare'} = &lt;Response [200]&gt;.headers">backend/tests/test_security_pwa_features.py:178: in test_service_worker_accessible
    assert int(response.headers.get("content-length", 0)) &gt; 500, "service-worker.js seems too small"
E   AssertionError: service-worker.js seems too small
E   assert 0 &gt; 500
E    +  where 0 = int(0)
E    +    where 0 = get('content-length', 0)
E    +      where get = {'Date': 'Sat, 21 Feb 2026 22:07:52 GMT', 'Content-Type': 'application/javascript; charset=UTF-8', 'Transfer-Encoding': 'chunked', 'Connection': 'keep-alive', 'Content-Encoding': 'gzip', 'CF-Ray': '9d198f1f9acb1054-ORD', 'CF-Cache-Status': 'DYNAMIC', 'Access-Control-Allow-Origin': '*', 'Cache-Control': 'no-store, no-cache, must-revalidate', 'ETag': 'W/"bfe-19c823b03dc"', 'Last-Modified': 'Sat, 21 Feb 2026 22:03:51 GMT', 'Vary': 'Accept-Encoding', 'Via': '1.1 google', 'Access-Control-Max-Age': '300', 'access-control-allow-headers': '*', 'access-control-allow-methods': 'GET, POST, PUT, DELETE, OPTIONS, HEAD, PATCH', 'x-powered-by': 'Express', 'Set-Cookie': '__cf_bm=Ebyv1w0H6yrUBz3HFuF8VFo45c0V72FmW7jSnCX9w3A-1771711672-1.0.1.1-T4tvUXHgLAC.O6UiYVPVT_jUHacKeyd4Lg8mZA5qxOkxQ4SAmf_OnSlztRiLz6zZg_ifxD_RtfG_KH1cONlynP0UCW_1uMjk47.m3lw4AA4; path=/; expires=Sat, 21-Feb-26 22:37:52 GMT; domain=.preview.emergentagent.com; HttpOnly; Secure; SameSite=None', 'Server': 'cloudflare'}.get
E    +        where {'Date': 'Sat, 21 Feb 2026 22:07:52 GMT', 'Content-Type': 'application/javascript; charset=UTF-8', 'Transfer-Encoding': 'chunked', 'Connection': 'keep-alive', 'Content-Encoding': 'gzip', 'CF-Ray': '9d198f1f9acb1054-ORD', 'CF-Cache-Status': 'DYNAMIC', 'Access-Control-Allow-Origin': '*', 'Cache-Control': 'no-store, no-cache, must-revalidate', 'ETag': 'W/"bfe-19c823b03dc"', 'Last-Modified': 'Sat, 21 Feb 2026 22:03:51 GMT', 'Vary': 'Accept-Encoding', 'Via': '1.1 google', 'Access-Control-Max-Age': '300', 'access-control-allow-headers': '*', 'access-control-allow-methods': 'GET, POST, PUT, DELETE, OPTIONS, HEAD, PATCH', 'x-powered-by': 'Express', 'Set-Cookie': '__cf_bm=Ebyv1w0H6yrUBz3HFuF8VFo45c0V72FmW7jSnCX9w3A-1771711672-1.0.1.1-T4tvUXHgLAC.O6UiYVPVT_jUHacKeyd4Lg8mZA5qxOkxQ4SAmf_OnSlztRiLz6zZg_ifxD_RtfG_KH1cONlynP0UCW_1uMjk47.m3lw4AA4; path=/; expires=Sat, 21-Feb-26 22:37:52 GMT; domain=.preview.emergentagent.com; HttpOnly; Secure; SameSite=None', 'Server': 'cloudflare'} = &lt;Response [200]&gt;.headers</failure></testcase><testcase classname="backend.tests.test_security_pwa_features.TestIndexHTMLPWA" name="test_index_html_loads" time="0.206" /><testcase classname="backend.tests.test_security_pwa_features.TestIndexHTMLPWA" name="test_manifest_link_in_html" time="0.194" /><testcase classname="backend.tests.test_security_pwa_features.TestIndexHTMLPWA" name="test_apple_touch_icon_in_html" time="0.161" /><testcase classname="backend.tests.test_security_pwa_features.TestIndexHTMLPWA" name="test_apple_mobile_web_app_capable" time="0.196" /><testcase classname="backend.tests.test_security_pwa_features.TestDeepLinkingPrerequisites" name="test_protected_route_without_auth_returns_html" time="0.187" /><testcase classname="backend.tests.test_security_pwa_features.TestDeepLinkingPrerequisites" name="test_auth_me_without_session" time="0.172" /></testsuite></testsuites>