<?xml version="1.0" encoding="utf-8"?><testsuites name="pytest tests"><testsuite name="pytest" errors="0" failures="0" skipped="0" tests="23" time="3.472" timestamp="2026-02-21T22:08:06.782963+00:00" hostname="agent-env-fd1e6bc6-8ce2-466b-a3f3-12e02c8e7997"><testcase classname="backend.tests.test_security_pwa_features.TestSecurityHeaders" name="test_x_content_type_options_header" time="0.169" /><testcase classname="backend.tests.test_security_pwa_features.TestSecurityHeaders" name="test_x_frame_options_header" time="0.132" /><testcase classname="backend.tests.test_security_pwa_features.TestSecurityHeaders" name="test_x_xss_protection_header" time="0.117" /><testcase classname="backend.tests.test_security_pwa_features.TestSecurityHeaders" name="test_referrer_policy_header" time="0.119" /><testcase classname="backend.tests.test_security_pwa_features.TestSecurityHeaders" name="test_permissions_policy_header" time="0.108" /><testcase classname="backend.tests.test_security_pwa_features.TestSecurityHeaders" name="test_cache_control_header_on_api" time="0.130" /><testcase classname="backend.tests.test_security_pwa_features.TestRequestLogging" name="test_request_id_header" time="0.112" /><testcase classname="backend.tests.test_security_pwa_features.TestRequestLogging" name="test_unique_request_ids" time="0.287" /><testcase classname="backend.tests.test_security_pwa_features.TestHealthEndpoint" name="test_health_check_returns_status" time="0.130" /><testcase classname="backend.tests.test_security_pwa_features.TestHealthEndpoint" name="test_health_check_includes_timestamp" time="0.149" /><testcase classname="backend.tests.test_security_pwa_features.TestHealthEndpoint" name="test_health_check_includes_database_status" time="0.137" /><testcase classname="backend.tests.test_security_pwa_features.TestPWAAssets" name="test_manifest_json_accessible" time="0.138" /><testcase classname="backend.tests.test_security_pwa_features.TestPWAAssets" name="test_manifest_has_icons" time="0.116" /><testcase classname="backend.tests.test_security_pwa_features.TestPWAAssets" name="test_manifest_has_shortcuts" time="0.142" /><testcase classname="backend.tests.test_security_pwa_features.TestPWAAssets" name="test_logo192_accessible" time="0.150" /><testcase classname="backend.tests.test_security_pwa_features.TestPWAAssets" name="test_logo512_accessible" time="0.191" /><testcase classname="backend.tests.test_security_pwa_features.TestPWAAssets" name="test_service_worker_accessible" time="0.139" /><testcase classname="backend.tests.test_security_pwa_features.TestIndexHTMLPWA" name="test_index_html_loads" time="0.179" /><testcase classname="backend.tests.test_security_pwa_features.TestIndexHTMLPWA" name="test_manifest_link_in_html" time="0.144" /><testcase classname="backend.tests.test_security_pwa_features.TestIndexHTMLPWA" name="test_apple_touch_icon_in_html" time="0.143" /><testcase classname="backend.tests.test_security_pwa_features.TestIndexHTMLPWA" name="test_apple_mobile_web_app_capable" time="0.150" /><testcase classname="backend.tests.test_security_pwa_features.TestDeepLinkingPrerequisites" name="test_protected_route_without_auth_returns_html" time="0.155" /><testcase classname="backend.tests.test_security_pwa_features.TestDeepLinkingPrerequisites" name="test_auth_me_without_session" time="0.151" /></testsuite></testsuites>